[    1492ms] [ERROR] Not allowed to load local resource: blob:https://app.unbounce.com/99172c7f-3d56-4569-8ff2-4a4026794274 @ https://www.mariawendt.com/profit-machine-course/:9
[    1492ms] [ERROR] Not allowed to load local resource: blob:https://app.unbounce.com/348c94e0-d49c-4e8b-8dca-462deb0d2715 @ https://www.mariawendt.com/profit-machine-course/:9
[    1841ms] [LOG] Proof v3.1.13 @ https://cdn.useproof.com/proof.js?acc=4mM9mGOrwGhkeDNpEr1qzWxNLI43:0
[    2163ms] [ERROR] Failed to load resource: the server responded with a status of 404 () @ https://www.mariawendt.com/assets/858d9d08-34c3-49e9-aa71-2f27cd41ae51/img-1440.original.jpg?1766853799:0
[    3139ms] [WARNING] [TikTok Pixel] - Duplicate Pixel ID
Issue: The pixel ID is duplicate. This could impact the pixel data accuracy.
Suggestion: Please double check and delete any unnecessary pixel code. @ https://analytics.tiktok.com/i18n/pixel/static/main.MWE0ZWQ3ZWQwMA.js:0
[    3268ms] [LOG] %c [UTS] [fp] init color: green; @ https://186339.t.hyros.com/v1/lst/universal-script?ph=7e6a612a3f1ed3ff7978190c175fdcee013e0cab41e92c719fbafd2b9e324478&tag=!clicked&ref_url=https://www.mariawendt.com/profit-machine-course/:0
[    3427ms] [LOG] %c [UTS] [fp]: 1f7f28a43f485a76484d4135628b315a color: green; @ https://186339.t.hyros.com/v1/lst/universal-script?ph=7e6a612a3f1ed3ff7978190c175fdcee013e0cab41e92c719fbafd2b9e324478&tag=!clicked&ref_url=https://www.mariawendt.com/profit-machine-course/:0
[    3460ms] [LOG] [*] ProveSource: Version 4.8.41 @ https://cdn.provesrc.com/provesrc.js:0
[    3460ms] [LOG] [*] ProveSource: Want to boost your sales and conversions like this website does? Visit us at https://provesrc.com @ https://cdn.provesrc.com/provesrc.js:0
[    3694ms] [LOG] %c [UTS] [gusid]: HB-ET_f240001cae384159321570f09c90f196155ab80e56f73968fb9c188ef23c8673 color: green; @ https://186339.t.hyros.com/v1/lst/universal-script?ph=7e6a612a3f1ed3ff7978190c175fdcee013e0cab41e92c719fbafd2b9e324478&tag=!clicked&ref_url=https://www.mariawendt.com/profit-machine-course/:0
[    5268ms] [LOG] %c [UTS] [pc] color: green; @ https://186339.t.hyros.com/v1/lst/universal-script?ph=7e6a612a3f1ed3ff7978190c175fdcee013e0cab41e92c719fbafd2b9e324478&tag=!clicked&ref_url=https://www.mariawendt.com/profit-machine-course/:0
[    8277ms] [LOG] %c [UTS] [_fbp_c] ; _fbp=fb.1.1777362511933.846436854316500031,;,fb.1.1777362511933.846436854316500031 color: green; @ https://186339.t.hyros.com/v1/lst/universal-script?ph=7e6a612a3f1ed3ff7978190c175fdcee013e0cab41e92c719fbafd2b9e324478&tag=!clicked&ref_url=https://www.mariawendt.com/profit-machine-course/:0
[    8282ms] [WARNING] The resource https://www.mariawendt.com/assets/858d9d08-34c3-49e9-aa71-2f27cd41ae51/img-1440.original.jpg?1766853799 was preloaded using link preload but not used within a few seconds from the window's load event. Please make sure it has an appropriate `as` value and it is preloaded intentionally. @ https://www.mariawendt.com/profit-machine-course/:0
[    8588ms] [LOG] %c [UTS] [pcu]. color: green; @ https://186339.t.hyros.com/v1/lst/universal-script?ph=7e6a612a3f1ed3ff7978190c175fdcee013e0cab41e92c719fbafd2b9e324478&tag=!clicked&ref_url=https://www.mariawendt.com/profit-machine-course/:0
[   11589ms] [WARNING] The resource https://www.mariawendt.com/assets/858d9d08-34c3-49e9-aa71-2f27cd41ae51/img-1440.original.jpg?1766853799 was preloaded using link preload but not used within a few seconds from the window's load event. Please make sure it has an appropriate `as` value and it is preloaded intentionally. @ https://www.mariawendt.com/profit-machine-course/:0
[   15657ms] [WARNING] The resource https://www.mariawendt.com/assets/858d9d08-34c3-49e9-aa71-2f27cd41ae51/img-1440.original.jpg?1766853799 was preloaded using link preload but not used within a few seconds from the window's load event. Please make sure it has an appropriate `as` value and it is preloaded intentionally. @ https://www.mariawendt.com/profit-machine-course/:0
[   17307ms] [LOG] %c [UTS] No NF on page color: green; @ https://186339.t.hyros.com/v1/lst/universal-script?ph=7e6a612a3f1ed3ff7978190c175fdcee013e0cab41e92c719fbafd2b9e324478&tag=!clicked&ref_url=https://www.mariawendt.com/profit-machine-course/:0
[   20701ms] [WARNING] The resource https://www.mariawendt.com/assets/858d9d08-34c3-49e9-aa71-2f27cd41ae51/img-1440.original.jpg?1766853799 was preloaded using link preload but not used within a few seconds from the window's load event. Please make sure it has an appropriate `as` value and it is preloaded intentionally. @ https://www.mariawendt.com/profit-machine-course/:0
[   33496ms] [WARNING] The resource https://www.mariawendt.com/assets/858d9d08-34c3-49e9-aa71-2f27cd41ae51/img-1440.original.jpg?1766853799 was preloaded using link preload but not used within a few seconds from the window's load event. Please make sure it has an appropriate `as` value and it is preloaded intentionally. @ https://www.mariawendt.com/profit-machine-course/:0
[   46781ms] [WARNING] The resource https://www.mariawendt.com/assets/858d9d08-34c3-49e9-aa71-2f27cd41ae51/img-1440.original.jpg?1766853799 was preloaded using link preload but not used within a few seconds from the window's load event. Please make sure it has an appropriate `as` value and it is preloaded intentionally. @ https://www.mariawendt.com/profit-machine-course/:0
[   59452ms] [WARNING] The resource https://www.mariawendt.com/assets/858d9d08-34c3-49e9-aa71-2f27cd41ae51/img-1440.original.jpg?1766853799 was preloaded using link preload but not used within a few seconds from the window's load event. Please make sure it has an appropriate `as` value and it is preloaded intentionally. @ https://www.mariawendt.com/profit-machine-course/:0
[   72402ms] [WARNING] The resource https://www.mariawendt.com/assets/858d9d08-34c3-49e9-aa71-2f27cd41ae51/img-1440.original.jpg?1766853799 was preloaded using link preload but not used within a few seconds from the window's load event. Please make sure it has an appropriate `as` value and it is preloaded intentionally. @ https://www.mariawendt.com/profit-machine-course/:0
[   85464ms] [WARNING] The resource https://www.mariawendt.com/assets/858d9d08-34c3-49e9-aa71-2f27cd41ae51/img-1440.original.jpg?1766853799 was preloaded using link preload but not used within a few seconds from the window's load event. Please make sure it has an appropriate `as` value and it is preloaded intentionally. @ https://www.mariawendt.com/profit-machine-course/:0
[   98530ms] [WARNING] The resource https://www.mariawendt.com/assets/858d9d08-34c3-49e9-aa71-2f27cd41ae51/img-1440.original.jpg?1766853799 was preloaded using link preload but not used within a few seconds from the window's load event. Please make sure it has an appropriate `as` value and it is preloaded intentionally. @ https://www.mariawendt.com/profit-machine-course/:0
[  111255ms] [WARNING] The resource https://www.mariawendt.com/assets/858d9d08-34c3-49e9-aa71-2f27cd41ae51/img-1440.original.jpg?1766853799 was preloaded using link preload but not used within a few seconds from the window's load event. Please make sure it has an appropriate `as` value and it is preloaded intentionally. @ https://www.mariawendt.com/profit-machine-course/:0
[  124457ms] [WARNING] The resource https://www.mariawendt.com/assets/858d9d08-34c3-49e9-aa71-2f27cd41ae51/img-1440.original.jpg?1766853799 was preloaded using link preload but not used within a few seconds from the window's load event. Please make sure it has an appropriate `as` value and it is preloaded intentionally. @ https://www.mariawendt.com/profit-machine-course/:0
